Build started 2015/4/19 19:32:46.
     1>Project "C:\Users\xixi8_000\SkyDrive\VS2010_projects\HydraRatio\HydraRatio\HydraRatio.vcxproj" on node 2 (build target(s)).
     1>InitializeBuildStatus:
         Creating "Debug\HydraRatio.unsuccessfulbuild" because "AlwaysCreate" was specified.
       ClCompile:
         C:\Program Files (x86)\Microsoft Visual Studio 10.0\VC\bin\CL.exe /c /IC:\Users\xixi8_000\SkyDrive\VS2010_projects\HydraRatio\HydraRatio\include /ZI /nologo /W3 /WX- /Od /Oy- /D WIN32 /D _DEBUG /D _CONSOLE /D _LIB /D SIXENSE_STATIC_LIB /D SIXENSE_UTILS_STATIC_LIB /D _UNICODE /D UNICODE /Gm /EHsc /RTC1 /MDd /GS /fp:precise /Zc:wchar_t /Zc:forScope /Fo"Debug\\" /Fd"Debug\vc100.pdb" /Gd /TP /analyze- /errorReport:prompt HydraRatio.cpp
         HydraRatio.cpp
       ManifestResourceCompile:
         All outputs are up-to-date.
       Link:
         C:\Program Files (x86)\Microsoft Visual Studio 10.0\VC\bin\link.exe /ERRORREPORT:PROMPT /OUT:"C:\Users\xixi8_000\SkyDrive\VS2010_projects\HydraRatio\Debug\HydraRatio.exe" /INCREMENTAL /NOLOGO /LIBPATH:C:\Users\xixi8_000\SkyDrive\VS2010_projects\HydraRatio\HydraRatio\lib\win32\debug_static sixensed_s.lib sixense_utilsd_s.lib kernel32.lib user32.lib gdi32.lib winspool.lib comdlg32.lib advapi32.lib shell32.lib ole32.lib oleaut32.lib uuid.lib odbc32.lib odbccp32.lib /MANIFEST /ManifestFile:"Debug\HydraRatio.exe.intermediate.manifest" /MANIFESTUAC:"level='asInvoker' uiAccess='false'" /DEBUG /PDB:"C:\Users\xixi8_000\SkyDrive\VS2010_projects\HydraRatio\Debug\HydraRatio.pdb" /SUBSYSTEM:CONSOLE /TLBID:1 /DYNAMICBASE /NXCOMPAT /IMPLIB:"C:\Users\xixi8_000\SkyDrive\VS2010_projects\HydraRatio\Debug\HydraRatio.lib" /MACHINE:X86 Debug\HydraRatio.exe.embed.manifest.res
         Debug\HydraRatio.obj
         Debug\SockStream.obj
       Manifest:
         C:\Program Files (x86)\Microsoft SDKs\Windows\v7.0A\bin\mt.exe /nologo /verbose /out:"Debug\HydraRatio.exe.embed.manifest" /manifest Debug\HydraRatio.exe.intermediate.manifest
         All outputs are up-to-date.
       LinkEmbedManifest:
         All outputs are up-to-date.
         HydraRatio.vcxproj -> C:\Users\xixi8_000\SkyDrive\VS2010_projects\HydraRatio\Debug\HydraRatio.exe
       FinalizeBuildStatus:
         Deleting file "Debug\HydraRatio.unsuccessfulbuild".
         Touching "Debug\HydraRatio.lastbuildstate".
     1>Done Building Project "C:\Users\xixi8_000\SkyDrive\VS2010_projects\HydraRatio\HydraRatio\HydraRatio.vcxproj" (build target(s)).

Build succeeded.

Time Elapsed 00:00:02.17
