Build started 16-1-21 14:05:12.
     1>Project "C:\Users\xixi8_000\Desktop\Unity_hydra_tcp\Unity_hydra_tcp\Unity_hydra_tcp.vcxproj" on node 2 (build target(s)).
       Project file contains ToolsVersion="14.0". This toolset may be unknown or missing, in which case you may be able to resolve this by installing the appropriate version of MSBuild, or the build may have been forced to a particular ToolsVersion for policy reasons. Treating the project as if it had ToolsVersion="4.0". For more information, please see http://go.microsoft.com/fwlink/?LinkId=291333.
     1>InitializeBuildStatus:
         Creating "Debug\Unity_hydra_tcp.unsuccessfulbuild" because "AlwaysCreate" was specified.
       ClCompile:
         C:\Program Files (x86)\Microsoft Visual Studio 10.0\VC\bin\CL.exe /c /IC:\Users\xixi8_000\Desktop\Unity_hydra_tcp\Unity_hydra_tcp\\include /ZI /nologo /W3 /WX- /Od /Oy- /D WIN32 /D _DEBUG /D _CONSOLE /D _LIB /D SIXENSE_STATIC_LIB /D SIXENSE_UTILS_STATIC_LIB /D _UNICODE /D UNICODE /Gm /EHsc /RTC1 /MDd /GS /fp:precise /Zc:wchar_t /Zc:forScope /Fo"Debug\\" /Fd"Debug\vc100.pdb" /Gd /TP /analyze- /errorReport:prompt Unity_hydra_tcp.cpp
         Unity_hydra_tcp.cpp
     1>c:\users\xixi8_000\desktop\unity_hydra_tcp\unity_hydra_tcp\matrix.h(226): warning C4290: C++ exception specification ignored except to indicate a function is not __declspec(nothrow)
                 c:\users\xixi8_000\desktop\unity_hydra_tcp\unity_hydra_tcp\matrix.h(303) : see reference to class template instantiation 'math::matrix<T>' being compiled
     1>c:\users\xixi8_000\desktop\unity_hydra_tcp\unity_hydra_tcp\matrix.h(227): warning C4290: C++ exception specification ignored except to indicate a function is not __declspec(nothrow)
     1>c:\users\xixi8_000\desktop\unity_hydra_tcp\unity_hydra_tcp\matrix.h(234): warning C4290: C++ exception specification ignored except to indicate a function is not __declspec(nothrow)
     1>c:\users\xixi8_000\desktop\unity_hydra_tcp\unity_hydra_tcp\matrix.h(235): warning C4290: C++ exception specification ignored except to indicate a function is not __declspec(nothrow)
     1>c:\users\xixi8_000\desktop\unity_hydra_tcp\unity_hydra_tcp\matrix.h(236): warning C4290: C++ exception specification ignored except to indicate a function is not __declspec(nothrow)
     1>c:\users\xixi8_000\desktop\unity_hydra_tcp\unity_hydra_tcp\matrix.h(239): warning C4290: C++ exception specification ignored except to indicate a function is not __declspec(nothrow)
     1>c:\users\xixi8_000\desktop\unity_hydra_tcp\unity_hydra_tcp\matrix.h(249): warning C4290: C++ exception specification ignored except to indicate a function is not __declspec(nothrow)
     1>c:\users\xixi8_000\desktop\unity_hydra_tcp\unity_hydra_tcp\matrix.h(250): warning C4290: C++ exception specification ignored except to indicate a function is not __declspec(nothrow)
     1>c:\users\xixi8_000\desktop\unity_hydra_tcp\unity_hydra_tcp\matrix.h(251): warning C4290: C++ exception specification ignored except to indicate a function is not __declspec(nothrow)
     1>c:\users\xixi8_000\desktop\unity_hydra_tcp\unity_hydra_tcp\matrix.h(252): warning C4290: C++ exception specification ignored except to indicate a function is not __declspec(nothrow)
     1>c:\users\xixi8_000\desktop\unity_hydra_tcp\unity_hydra_tcp\matrix.h(254): warning C4290: C++ exception specification ignored except to indicate a function is not __declspec(nothrow)
     1>c:\users\xixi8_000\desktop\unity_hydra_tcp\unity_hydra_tcp\matrix.h(401): warning C4290: C++ exception specification ignored except to indicate a function is not __declspec(nothrow)
     1>c:\users\xixi8_000\desktop\unity_hydra_tcp\unity_hydra_tcp\matrix.h(411): warning C4290: C++ exception specification ignored except to indicate a function is not __declspec(nothrow)
     1>c:\users\xixi8_000\desktop\unity_hydra_tcp\unity_hydra_tcp\matrix.h(473): warning C4290: C++ exception specification ignored except to indicate a function is not __declspec(nothrow)
     1>c:\users\xixi8_000\desktop\unity_hydra_tcp\unity_hydra_tcp\matrix.h(486): warning C4290: C++ exception specification ignored except to indicate a function is not __declspec(nothrow)
     1>c:\users\xixi8_000\desktop\unity_hydra_tcp\unity_hydra_tcp\matrix.h(510): warning C4290: C++ exception specification ignored except to indicate a function is not __declspec(nothrow)
     1>c:\users\xixi8_000\desktop\unity_hydra_tcp\unity_hydra_tcp\matrix.h(543): warning C4290: C++ exception specification ignored except to indicate a function is not __declspec(nothrow)
     1>c:\users\xixi8_000\desktop\unity_hydra_tcp\unity_hydra_tcp\matrix.h(568): warning C4290: C++ exception specification ignored except to indicate a function is not __declspec(nothrow)
     1>c:\users\xixi8_000\desktop\unity_hydra_tcp\unity_hydra_tcp\matrix.h(577): warning C4290: C++ exception specification ignored except to indicate a function is not __declspec(nothrow)
     1>c:\users\xixi8_000\desktop\unity_hydra_tcp\unity_hydra_tcp\matrix.h(603): warning C4290: C++ exception specification ignored except to indicate a function is not __declspec(nothrow)
     1>c:\users\xixi8_000\desktop\unity_hydra_tcp\unity_hydra_tcp\matrix.h(620): warning C4290: C++ exception specification ignored except to indicate a function is not __declspec(nothrow)
     1>c:\users\xixi8_000\desktop\unity_hydra_tcp\unity_hydra_tcp\matrix.h(627): warning C4290: C++ exception specification ignored except to indicate a function is not __declspec(nothrow)
     1>c:\users\xixi8_000\desktop\unity_hydra_tcp\unity_hydra_tcp\matrix.h(634): warning C4290: C++ exception specification ignored except to indicate a function is not __declspec(nothrow)
     1>c:\users\xixi8_000\desktop\unity_hydra_tcp\unity_hydra_tcp\matrix.h(658): warning C4290: C++ exception specification ignored except to indicate a function is not __declspec(nothrow)
     1>c:\users\xixi8_000\desktop\unity_hydra_tcp\unity_hydra_tcp\matrix.h(666): warning C4290: C++ exception specification ignored except to indicate a function is not __declspec(nothrow)
     1>c:\users\xixi8_000\desktop\unity_hydra_tcp\unity_hydra_tcp\matrix.h(713): warning C4290: C++ exception specification ignored except to indicate a function is not __declspec(nothrow)
     1>c:\users\xixi8_000\desktop\unity_hydra_tcp\unity_hydra_tcp\matrix.h(842): warning C4290: C++ exception specification ignored except to indicate a function is not __declspec(nothrow)
     1>c:\users\xixi8_000\desktop\unity_hydra_tcp\unity_hydra_tcp\matrix.h(895): warning C4290: C++ exception specification ignored except to indicate a function is not __declspec(nothrow)
     1>c:\users\xixi8_000\desktop\unity_hydra_tcp\unity_hydra_tcp\matrix.h(930): warning C4290: C++ exception specification ignored except to indicate a function is not __declspec(nothrow)
     1>c:\users\xixi8_000\desktop\unity_hydra_tcp\unity_hydra_tcp\matrix.h(226): warning C4290: C++ exception specification ignored except to indicate a function is not __declspec(nothrow)
                 c:\users\xixi8_000\desktop\unity_hydra_tcp\unity_hydra_tcp\unity_hydra_tcp.cpp(100) : see reference to class template instantiation 'math::matrix<T>' being compiled
                 with
                 [
                     T=double
                 ]
     1>c:\users\xixi8_000\desktop\unity_hydra_tcp\unity_hydra_tcp\matrix.h(227): warning C4290: C++ exception specification ignored except to indicate a function is not __declspec(nothrow)
     1>c:\users\xixi8_000\desktop\unity_hydra_tcp\unity_hydra_tcp\matrix.h(234): warning C4290: C++ exception specification ignored except to indicate a function is not __declspec(nothrow)
     1>c:\users\xixi8_000\desktop\unity_hydra_tcp\unity_hydra_tcp\matrix.h(235): warning C4290: C++ exception specification ignored except to indicate a function is not __declspec(nothrow)
     1>c:\users\xixi8_000\desktop\unity_hydra_tcp\unity_hydra_tcp\matrix.h(236): warning C4290: C++ exception specification ignored except to indicate a function is not __declspec(nothrow)
     1>c:\users\xixi8_000\desktop\unity_hydra_tcp\unity_hydra_tcp\matrix.h(239): warning C4290: C++ exception specification ignored except to indicate a function is not __declspec(nothrow)
     1>c:\users\xixi8_000\desktop\unity_hydra_tcp\unity_hydra_tcp\matrix.h(249): warning C4290: C++ exception specification ignored except to indicate a function is not __declspec(nothrow)
     1>c:\users\xixi8_000\desktop\unity_hydra_tcp\unity_hydra_tcp\matrix.h(250): warning C4290: C++ exception specification ignored except to indicate a function is not __declspec(nothrow)
     1>c:\users\xixi8_000\desktop\unity_hydra_tcp\unity_hydra_tcp\matrix.h(251): warning C4290: C++ exception specification ignored except to indicate a function is not __declspec(nothrow)
     1>c:\users\xixi8_000\desktop\unity_hydra_tcp\unity_hydra_tcp\matrix.h(252): warning C4290: C++ exception specification ignored except to indicate a function is not __declspec(nothrow)
     1>c:\users\xixi8_000\desktop\unity_hydra_tcp\unity_hydra_tcp\matrix.h(254): warning C4290: C++ exception specification ignored except to indicate a function is not __declspec(nothrow)
     1>c:\users\xixi8_000\desktop\unity_hydra_tcp\unity_hydra_tcp\unity_hydra_tcp.cpp(1226): warning C4996: 'sscanf': This function or variable may be unsafe. Consider using sscanf_s instead. To disable deprecation, use _CRT_SECURE_NO_WARNINGS. See online help for details.
                 c:\program files (x86)\microsoft visual studio 10.0\vc\include\stdio.h(325) : see declaration of 'sscanf'
     1>c:\users\xixi8_000\desktop\unity_hydra_tcp\unity_hydra_tcp\unity_hydra_tcp.cpp(1813): warning C4996: 'strcpy': This function or variable may be unsafe. Consider using strcpy_s instead. To disable deprecation, use _CRT_SECURE_NO_WARNINGS. See online help for details.
                 c:\program files (x86)\microsoft visual studio 10.0\vc\include\string.h(105) : see declaration of 'strcpy'
     1>c:\users\xixi8_000\desktop\unity_hydra_tcp\unity_hydra_tcp\unity_hydra_tcp.cpp(1829): warning C4996: 'sscanf': This function or variable may be unsafe. Consider using sscanf_s instead. To disable deprecation, use _CRT_SECURE_NO_WARNINGS. See online help for details.
                 c:\program files (x86)\microsoft visual studio 10.0\vc\include\stdio.h(325) : see declaration of 'sscanf'
     1>c:\users\xixi8_000\desktop\unity_hydra_tcp\unity_hydra_tcp\matrix.h(401): warning C4290: C++ exception specification ignored except to indicate a function is not __declspec(nothrow)
                 c:\users\xixi8_000\desktop\unity_hydra_tcp\unity_hydra_tcp\matrix.h(402) : while compiling class template member function 'double &math::matrix<T>::operator ()(size_t,size_t) throw(math::matrix_error)'
                 with
                 [
                     T=double
                 ]
                 c:\users\xixi8_000\desktop\unity_hydra_tcp\unity_hydra_tcp\unity_hydra_tcp.cpp(100) : see reference to class template instantiation 'math::matrix<T>' being compiled
                 with
                 [
                     T=double
                 ]
     1>c:\users\xixi8_000\desktop\unity_hydra_tcp\unity_hydra_tcp\matrix.h(842): warning C4290: C++ exception specification ignored except to indicate a function is not __declspec(nothrow)
                 c:\users\xixi8_000\desktop\unity_hydra_tcp\unity_hydra_tcp\matrix.h(843) : while compiling class template member function 'double math::matrix<T>::Det(void) throw(math::matrix_error) const'
                 with
                 [
                     T=double
                 ]
     1>c:\users\xixi8_000\desktop\unity_hydra_tcp\unity_hydra_tcp\matrix.h(411): warning C4290: C++ exception specification ignored except to indicate a function is not __declspec(nothrow)
                 c:\users\xixi8_000\desktop\unity_hydra_tcp\unity_hydra_tcp\matrix.h(412) : while compiling class template member function 'double math::matrix<T>::operator ()(size_t,size_t) throw(math::matrix_error) const'
                 with
                 [
                     T=double
                 ]
                 c:\users\xixi8_000\desktop\unity_hydra_tcp\unity_hydra_tcp\matrix.h(315) : while compiling class template member function 'math::matrix<T>::matrix(size_t,size_t)'
                 with
                 [
                     T=double
                 ]
     1>c:\users\xixi8_000\desktop\unity_hydra_tcp\unity_hydra_tcp\matrix.h(473): warning C4290: C++ exception specification ignored except to indicate a function is not __declspec(nothrow)
                 c:\users\xixi8_000\desktop\unity_hydra_tcp\unity_hydra_tcp\matrix.h(474) : while compiling class template member function 'math::matrix<T> &math::matrix<T>::operator +=(const math::matrix<T> &) throw(math::matrix_error)'
                 with
                 [
                     T=double
                 ]
     1>c:\users\xixi8_000\desktop\unity_hydra_tcp\unity_hydra_tcp\matrix.h(510): warning C4290: C++ exception specification ignored except to indicate a function is not __declspec(nothrow)
                 c:\users\xixi8_000\desktop\unity_hydra_tcp\unity_hydra_tcp\matrix.h(511) : while compiling class template member function 'math::matrix<T> &math::matrix<T>::operator *=(const math::matrix<T> &) throw(math::matrix_error)'
                 with
                 [
                     T=double
                 ]
     1>c:\users\xixi8_000\desktop\unity_hydra_tcp\unity_hydra_tcp\matrix.h(666): warning C4290: C++ exception specification ignored except to indicate a function is not __declspec(nothrow)
                 c:\users\xixi8_000\desktop\unity_hydra_tcp\unity_hydra_tcp\matrix.h(667) : while compiling class template member function 'math::matrix<T> math::matrix<T>::Inv(void) throw(math::matrix_error)'
                 with
                 [
                     T=double
                 ]
     1>c:\users\xixi8_000\desktop\unity_hydra_tcp\unity_hydra_tcp\unity_hydra_tcp.cpp(269): warning C4715: 'jacobian' : not all control paths return a value
     1>c:\users\xixi8_000\desktop\unity_hydra_tcp\unity_hydra_tcp\unity_hydra_tcp.cpp(368): warning C4715: 'kinematics' : not all control paths return a value
       ManifestResourceCompile:
         C:\Program Files (x86)\Microsoft SDKs\Windows\v7.0A\bin\rc.exe /nologo /fo"Debug\Unity_hydra_tcp.exe.embed.manifest.res" Debug\Unity_hydra_tcp_manifest.rc 
       Link:
         C:\Program Files (x86)\Microsoft Visual Studio 10.0\VC\bin\link.exe /ERRORREPORT:PROMPT /OUT:"C:\Users\xixi8_000\Desktop\Unity_hydra_tcp\Debug\Unity_hydra_tcp.exe" /INCREMENTAL /NOLOGO /LIBPATH:C:\Users\xixi8_000\Desktop\Unity_hydra_tcp\Unity_hydra_tcp\lib\win32\debug_static sixensed_s.lib sixense_utilsd_s.lib kernel32.lib user32.lib gdi32.lib winspool.lib comdlg32.lib advapi32.lib shell32.lib ole32.lib oleaut32.lib uuid.lib odbc32.lib odbccp32.lib /MANIFEST /ManifestFile:"Debug\Unity_hydra_tcp.exe.intermediate.manifest" /MANIFESTUAC:"level='asInvoker' uiAccess='false'" /DEBUG /PDB:"C:\Users\xixi8_000\Desktop\Unity_hydra_tcp\Debug\Unity_hydra_tcp.pdb" /SUBSYSTEM:CONSOLE /TLBID:1 /DYNAMICBASE /NXCOMPAT /IMPLIB:"C:\Users\xixi8_000\Desktop\Unity_hydra_tcp\Debug\Unity_hydra_tcp.lib" /MACHINE:X86 Debug\Unity_hydra_tcp.exe.embed.manifest.res
         Debug\Unity_hydra_tcp.obj
     1>sixensed_s.lib(DriverMain.obj) : warning LNK4099: PDB 'sixensed_s.pdb' was not found with 'sixensed_s.lib(DriverMain.obj)' or at 'C:\Users\xixi8_000\Desktop\Unity_hydra_tcp\Debug\sixensed_s.pdb'; linking object as if no debug info
     1>sixensed_s.lib(sixense.obj) : warning LNK4099: PDB 'sixensed_s.pdb' was not found with 'sixensed_s.lib(sixense.obj)' or at 'C:\Users\xixi8_000\Desktop\Unity_hydra_tcp\Debug\sixensed_s.pdb'; linking object as if no debug info
     1>sixensed_s.lib(CheckForDockedControllersFilter.obj) : warning LNK4099: PDB 'sixensed_s.pdb' was not found with 'sixensed_s.lib(CheckForDockedControllersFilter.obj)' or at 'C:\Users\xixi8_000\Desktop\Unity_hydra_tcp\Debug\sixensed_s.pdb'; linking object as if no debug info
     1>sixensed_s.lib(DeSawtoothFilter.obj) : warning LNK4099: PDB 'sixensed_s.pdb' was not found with 'sixensed_s.lib(DeSawtoothFilter.obj)' or at 'C:\Users\xixi8_000\Desktop\Unity_hydra_tcp\Debug\sixensed_s.pdb'; linking object as if no debug info
     1>sixensed_s.lib(TrackHemiFilter.obj) : warning LNK4099: PDB 'sixensed_s.pdb' was not found with 'sixensed_s.lib(TrackHemiFilter.obj)' or at 'C:\Users\xixi8_000\Desktop\Unity_hydra_tcp\Debug\sixensed_s.pdb'; linking object as if no debug info
     1>sixensed_s.lib(ControllerDataStream.obj) : warning LNK4099: PDB 'sixensed_s.pdb' was not found with 'sixensed_s.lib(ControllerDataStream.obj)' or at 'C:\Users\xixi8_000\Desktop\Unity_hydra_tcp\Debug\sixensed_s.pdb'; linking object as if no debug info
     1>sixensed_s.lib(PacketStreamManager.obj) : warning LNK4099: PDB 'sixensed_s.pdb' was not found with 'sixensed_s.lib(PacketStreamManager.obj)' or at 'C:\Users\xixi8_000\Desktop\Unity_hydra_tcp\Debug\sixensed_s.pdb'; linking object as if no debug info
     1>sixensed_s.lib(CompositePacket.obj) : warning LNK4099: PDB 'sixensed_s.pdb' was not found with 'sixensed_s.lib(CompositePacket.obj)' or at 'C:\Users\xixi8_000\Desktop\Unity_hydra_tcp\Debug\sixensed_s.pdb'; linking object as if no debug info
     1>sixensed_s.lib(SignalMatrixPacketPayload20.obj) : warning LNK4099: PDB 'sixensed_s.pdb' was not found with 'sixensed_s.lib(SignalMatrixPacketPayload20.obj)' or at 'C:\Users\xixi8_000\Desktop\Unity_hydra_tcp\Debug\sixensed_s.pdb'; linking object as if no debug info
     1>sixensed_s.lib(SignalMatrixPacketPayload30.obj) : warning LNK4099: PDB 'sixensed_s.pdb' was not found with 'sixensed_s.lib(SignalMatrixPacketPayload30.obj)' or at 'C:\Users\xixi8_000\Desktop\Unity_hydra_tcp\Debug\sixensed_s.pdb'; linking object as if no debug info
     1>sixensed_s.lib(SignalMatrixPacketPayloadRazer10.obj) : warning LNK4099: PDB 'sixensed_s.pdb' was not found with 'sixensed_s.lib(SignalMatrixPacketPayloadRazer10.obj)' or at 'C:\Users\xixi8_000\Desktop\Unity_hydra_tcp\Debug\sixensed_s.pdb'; linking object as if no debug info
     1>sixensed_s.lib(USBManager.obj) : warning LNK4099: PDB 'sixensed_s.pdb' was not found with 'sixensed_s.lib(USBManager.obj)' or at 'C:\Users\xixi8_000\Desktop\Unity_hydra_tcp\Debug\sixensed_s.pdb'; linking object as if no debug info
     1>sixensed_s.lib(USBManagerWin32.obj) : warning LNK4099: PDB 'sixensed_s.pdb' was not found with 'sixensed_s.lib(USBManagerWin32.obj)' or at 'C:\Users\xixi8_000\Desktop\Unity_hydra_tcp\Debug\sixensed_s.pdb'; linking object as if no debug info
     1>sixensed_s.lib(ApplyCoilOffsetFilter.obj) : warning LNK4099: PDB 'sixensed_s.pdb' was not found with 'sixensed_s.lib(ApplyCoilOffsetFilter.obj)' or at 'C:\Users\xixi8_000\Desktop\Unity_hydra_tcp\Debug\sixensed_s.pdb'; linking object as if no debug info
     1>sixensed_s.lib(ComputeMatrixFromQuatFilter.obj) : warning LNK4099: PDB 'sixensed_s.pdb' was not found with 'sixensed_s.lib(ComputeMatrixFromQuatFilter.obj)' or at 'C:\Users\xixi8_000\Desktop\Unity_hydra_tcp\Debug\sixensed_s.pdb'; linking object as if no debug info
     1>sixensed_s.lib(ComputeStatsFilter.obj) : warning LNK4099: PDB 'sixensed_s.pdb' was not found with 'sixensed_s.lib(ComputeStatsFilter.obj)' or at 'C:\Users\xixi8_000\Desktop\Unity_hydra_tcp\Debug\sixensed_s.pdb'; linking object as if no debug info
     1>sixensed_s.lib(ControllerEnabledStatusFilter.obj) : warning LNK4099: PDB 'sixensed_s.pdb' was not found with 'sixensed_s.lib(ControllerEnabledStatusFilter.obj)' or at 'C:\Users\xixi8_000\Desktop\Unity_hydra_tcp\Debug\sixensed_s.pdb'; linking object as if no debug info
     1>sixensed_s.lib(ConvertCoordSysFromPolhemusFilter.obj) : warning LNK4099: PDB 'sixensed_s.pdb' was not found with 'sixensed_s.lib(ConvertCoordSysFromPolhemusFilter.obj)' or at 'C:\Users\xixi8_000\Desktop\Unity_hydra_tcp\Debug\sixensed_s.pdb'; linking object as if no debug info
     1>sixensed_s.lib(debendFilter.obj) : warning LNK4099: PDB 'sixensed_s.pdb' was not found with 'sixensed_s.lib(debendFilter.obj)' or at 'C:\Users\xixi8_000\Desktop\Unity_hydra_tcp\Debug\sixensed_s.pdb'; linking object as if no debug info
     1>sixensed_s.lib(MovingAverageFilter.obj) : warning LNK4099: PDB 'sixensed_s.pdb' was not found with 'sixensed_s.lib(MovingAverageFilter.obj)' or at 'C:\Users\xixi8_000\Desktop\Unity_hydra_tcp\Debug\sixensed_s.pdb'; linking object as if no debug info
     1>sixensed_s.lib(NormalizeJoystickFilter.obj) : warning LNK4099: PDB 'sixensed_s.pdb' was not found with 'sixensed_s.lib(NormalizeJoystickFilter.obj)' or at 'C:\Users\xixi8_000\Desktop\Unity_hydra_tcp\Debug\sixensed_s.pdb'; linking object as if no debug info
     1>sixensed_s.lib(SetRangeLEDFilter.obj) : warning LNK4099: PDB 'sixensed_s.pdb' was not found with 'sixensed_s.lib(SetRangeLEDFilter.obj)' or at 'C:\Users\xixi8_000\Desktop\Unity_hydra_tcp\Debug\sixensed_s.pdb'; linking object as if no debug info
     1>sixensed_s.lib(SigMatFilter.obj) : warning LNK4099: PDB 'sixensed_s.pdb' was not found with 'sixensed_s.lib(SigMatFilter.obj)' or at 'C:\Users\xixi8_000\Desktop\Unity_hydra_tcp\Debug\sixensed_s.pdb'; linking object as if no debug info
     1>sixensed_s.lib(SleepTimerFilter.obj) : warning LNK4099: PDB 'sixensed_s.pdb' was not found with 'sixensed_s.lib(SleepTimerFilter.obj)' or at 'C:\Users\xixi8_000\Desktop\Unity_hydra_tcp\Debug\sixensed_s.pdb'; linking object as if no debug info
     1>sixensed_s.lib(crc.obj) : warning LNK4099: PDB 'sixensed_s.pdb' was not found with 'sixensed_s.lib(crc.obj)' or at 'C:\Users\xixi8_000\Desktop\Unity_hydra_tcp\Debug\sixensed_s.pdb'; linking object as if no debug info
     1>sixensed_s.lib(LogFileParser.obj) : warning LNK4099: PDB 'sixensed_s.pdb' was not found with 'sixensed_s.lib(LogFileParser.obj)' or at 'C:\Users\xixi8_000\Desktop\Unity_hydra_tcp\Debug\sixensed_s.pdb'; linking object as if no debug info
     1>sixensed_s.lib(Time.obj) : warning LNK4099: PDB 'sixensed_s.pdb' was not found with 'sixensed_s.lib(Time.obj)' or at 'C:\Users\xixi8_000\Desktop\Unity_hydra_tcp\Debug\sixensed_s.pdb'; linking object as if no debug info
     1>sixense_utilsd_s.lib(time.obj) : warning LNK4099: PDB 'sixense_utilsd_s.pdb' was not found with 'sixense_utilsd_s.lib(time.obj)' or at 'C:\Users\xixi8_000\Desktop\Unity_hydra_tcp\Debug\sixense_utilsd_s.pdb'; linking object as if no debug info
     1>sixense_utilsd_s.lib(controller_manager.obj) : warning LNK4099: PDB 'sixense_utilsd_s.pdb' was not found with 'sixense_utilsd_s.lib(controller_manager.obj)' or at 'C:\Users\xixi8_000\Desktop\Unity_hydra_tcp\Debug\sixense_utilsd_s.pdb'; linking object as if no debug info
     1>sixense_utilsd_s.lib(p1c1_steps.obj) : warning LNK4099: PDB 'sixense_utilsd_s.pdb' was not found with 'sixense_utilsd_s.lib(p1c1_steps.obj)' or at 'C:\Users\xixi8_000\Desktop\Unity_hydra_tcp\Debug\sixense_utilsd_s.pdb'; linking object as if no debug info
     1>sixense_utilsd_s.lib(p1c2_steps.obj) : warning LNK4099: PDB 'sixense_utilsd_s.pdb' was not found with 'sixense_utilsd_s.lib(p1c2_steps.obj)' or at 'C:\Users\xixi8_000\Desktop\Unity_hydra_tcp\Debug\sixense_utilsd_s.pdb'; linking object as if no debug info
     1>sixense_utilsd_s.lib(steps_common.obj) : warning LNK4099: PDB 'sixense_utilsd_s.pdb' was not found with 'sixense_utilsd_s.lib(steps_common.obj)' or at 'C:\Users\xixi8_000\Desktop\Unity_hydra_tcp\Debug\sixense_utilsd_s.pdb'; linking object as if no debug info
       Manifest:
         C:\Program Files (x86)\Microsoft SDKs\Windows\v7.0A\bin\mt.exe /nologo /verbose /out:"Debug\Unity_hydra_tcp.exe.embed.manifest" /manifest Debug\Unity_hydra_tcp.exe.intermediate.manifest
         All outputs are up-to-date.
       LinkEmbedManifest:
         All outputs are up-to-date.
         Unity_hydra_tcp.vcxproj -> C:\Users\xixi8_000\Desktop\Unity_hydra_tcp\Debug\Unity_hydra_tcp.exe
       FinalizeBuildStatus:
         Deleting file "Debug\Unity_hydra_tcp.unsuccessfulbuild".
         Touching "Debug\Unity_hydra_tcp.lastbuildstate".
     1>Done Building Project "C:\Users\xixi8_000\Desktop\Unity_hydra_tcp\Unity_hydra_tcp\Unity_hydra_tcp.vcxproj" (build target(s)).

Build succeeded.

Time Elapsed 00:00:04.55
